[rabikurek.inveet.id/index.html]
[backblue.gif]
[fade.gif]
[index.html]
[rabikurek.inveet.id/themes/modern_elegant/images/bg.jpg]
[rabikurek.inveet.id/inveetv2/images/ico/favicon.ico]
[rabikurek.inveet.id/themes/gold_elegant/css/themify-icons.css]
[rabikurek.inveet.id/themes/gold_elegant/css/flaticon.css]
[rabikurek.inveet.id/inveet/themes/css/flaticon_nav.css]
[cdn.jsdelivr.net/npm/bootstrap@4.5.3/dist/css/bootstrap.min.css]
[rabikurek.inveet.id/themes/gold_elegant/css/jquery.fancybox.css]
[rabikurek.inveet.id/themes/gold_elegant/css/style1687.css]
[unpkg.com/aos@2.3.1/dist/aos.css]
[rabikurek.inveet.id/themes/gold_elegant/images/cover.jpg]
[inveet.s3.ap-southeast-1.amazonaws.com/wedding/173278788967483eb174b82-ODsOhAbinIAL2oH.jpg]
[inveet.s3.ap-southeast-1.amazonaws.com/wedding/173278788967483eb19329a-x3OFVKJaKgVOCNB.jpg]
[rabikurek.inveet.id/inveet/img/love.png]
[rabikurek.inveet.id/themes/gold_elegant/js/jquery.min.js]
[cdn.jsdelivr.net/npm/bootstrap@4.5.3/dist/js/bootstrap.min.js]
[rabikurek.inveet.id/themes/gold_elegant/js/jquery-plugin-collection.js]
[cdn.jsdelivr.net/npm/particles.js@2.0.0/particles.min.js]
[unpkg.com/aos@2.3.1/dist/aos.js]
[cdnjs.cloudflare.com/ajax/libs/clipboard.js/2.0.8/clipboard.min.js]
[browser.sentry-cdn.com/6.15.0/bundle.tracing.min.js]
[browser.sentry-cdn.com/6.15.0/captureconsole.min.js]
[rabikurek.inveet.id/inveet/js/plugin/bootstrap-notify/bootstrap-notify.min.js]
[rabikurek.inveet.id/themes/assets/particle.json]
[rabikurek.inveet.id/index.html]
[rabikurek.inveet.id/cdn-cgi/scripts/7d0fa10a/cloudflare-static/rocket-loader.min.js]
[rabikurek.inveet.id/themes/assets/particle.json]
[rabikurek.inveet.id/themes/gold_elegant/fonts/themify9f24.eot]
[rabikurek.inveet.id/themes/gold_elegant/fonts/themifyd41d.eot]
[rabikurek.inveet.id/themes/gold_elegant/fonts/themify9f24.woff]
[rabikurek.inveet.id/themes/gold_elegant/fonts/themify9f24.ttf]
[rabikurek.inveet.id/themes/gold_elegant/css/themify-icons.css]
[rabikurek.inveet.id/themes/gold_elegant/fonts/themifyd41d.eot]
[rabikurek.inveet.id/themes/gold_elegant/fonts/themify9f24.svg]
[rabikurek.inveet.id/themes/gold_elegant/fonts/themify9f24.ttf]
[rabikurek.inveet.id/themes/gold_elegant/fonts/themify9f24.woff]
[rabikurek.inveet.id/themes/gold_elegant/fonts/Flaticon.eot]
[rabikurek.inveet.id/themes/gold_elegant/fonts/Flaticond41d.eot]
[rabikurek.inveet.id/themes/gold_elegant/fonts/Flaticon.woff]
[rabikurek.inveet.id/themes/gold_elegant/fonts/Flaticon.ttf]
[rabikurek.inveet.id/themes/gold_elegant/css/flaticon.css]
[rabikurek.inveet.id/themes/gold_elegant/fonts/Flaticon.svg]
[rabikurek.inveet.id/themes/gold_elegant/fonts/Flaticon.woff]
[rabikurek.inveet.id/inveet/themes/css/fonts/Flaticon.eot]
[rabikurek.inveet.id/inveet/themes/css/fonts/Flaticond41d.eot]
[rabikurek.inveet.id/inveet/themes/css/fonts/Flaticon.woff2]
[rabikurek.inveet.id/themes/gold_elegant/fonts/Flaticon.ttf]
[rabikurek.inveet.id/inveet/themes/css/fonts/Flaticon.woff]
[rabikurek.inveet.id/inveet/themes/css/fonts/Flaticon.ttf]
[rabikurek.inveet.id/inveet/themes/css/fonts/Flaticon.woff2]
[rabikurek.inveet.id/inveet/themes/css/flaticon_nav.css]
[cdn.jsdelivr.net/npm/bootstrap@4.5.3/dist/css/bootstrap.min.css]
[rabikurek.inveet.id/themes/gold_elegant/css/jquery.fancybox.css]
[rabikurek.inveet.id/inveet/themes/css/fonts/Flaticon.svg]
[rabikurek.inveet.id/inveet/themes/css/fonts/Flaticon.ttf]
[rabikurek.inveet.id/inveet/themes/css/fonts/Flaticon.woff]
[rabikurek.inveet.id/themes/gold_elegant/images/select-icon.png]
[rabikurek.inveet.id/themes/gold_elegant/images/select-icon.png]
[rabikurek.inveet.id/themes/gold_elegant/images/page-title.jpg]
[rabikurek.inveet.id/themes/gold_elegant/images/slider/hero-shape.png]
[rabikurek.inveet.id/themes/gold_elegant/images/leaf.png]
[rabikurek.inveet.id/themes/gold_elegant/images/slider/hero-shape.png]
[rabikurek.inveet.id/themes/gold_elegant/images/leaf3.png]
[rabikurek.inveet.id/themes/gold_elegant/images/leaf2.png]
[rabikurek.inveet.id/themes/gold_elegant/images/form-outer-flower.png]
[rabikurek.inveet.id/themes/gold_elegant/images/rsvp-form-bg.jpg]
[rabikurek.inveet.id/themes/gold_elegant/css/style1687.css]
[unpkg.com/aos@2.3.1/dist/aos.css]
[rabikurek.inveet.id/themes/gold_elegant/fonts/themify9f24.svg]
[rabikurek.inveet.id/themes/gold_elegant/images/leaf3.png]
[rabikurek.inveet.id/themes/gold_elegant/images/leaf2.png]
[rabikurek.inveet.id/themes/gold_elegant/fonts/Flaticon.svg]
[rabikurek.inveet.id/inveet/themes/css/fonts/Flaticon.svg]
[rabikurek.inveet.id/themes/gold_elegant/images/page-title.html]
[rabikurek.inveet.id/themes/gold_elegant/images/rsvp-form-bg.html]
